============================= test session starts ==============================
platform linux -- Python 3.11.15, pytest-9.0.3, pluggy-1.6.0 -- /usr/local/bin/python
cachedir: .pytest_cache
rootdir: /home/user/CHILmesh
configfile: pyproject.toml
plugins: xdist-3.8.0, cov-7.1.0
collecting ... collected 708 items

tests/test_2dm_reader.py::Test2DMReader::test_read_2dm_triangular_mesh PASSED [  0%]
tests/test_2dm_reader.py::Test2DMReader::test_read_2dm_quad_mesh PASSED  [  0%]
tests/test_2dm_reader.py::Test2DMReader::test_read_2dm_mixed_mesh PASSED [  0%]
tests/test_2dm_reader.py::Test2DMReader::test_read_2dm_with_comments PASSED [  0%]
tests/test_2dm_reader.py::Test2DMReader::test_read_2dm_with_z_coordinates PASSED [  0%]
tests/test_2dm_reader.py::Test2DMReader::test_read_2dm_missing_file PASSED [  0%]
tests/test_2dm_reader.py::Test2DMReader::test_read_2dm_empty_file PASSED [  0%]
tests/test_2dm_reader.py::Test2DMReader::test_read_2dm_compute_layers_false PASSED [  1%]
tests/test_2dm_reader.py::Test2DMReader::test_read_2dm_from_admesh_domain PASSED [  1%]
tests/test_2dm_reader.py::Test2DMReader::test_read_2dm_preserves_geometry PASSED [  1%]
tests/test_admesh_metadata.py::TestADMESHMetadataAccuracy::test_metadata_completeness[annulus] PASSED [  1%]
tests/test_admesh_metadata.py::TestADMESHMetadataAccuracy::test_metadata_completeness[donut] PASSED [  1%]
tests/test_admesh_metadata.py::TestADMESHMetadataAccuracy::test_metadata_completeness[block_o] PASSED [  1%]
tests/test_admesh_metadata.py::TestADMESHMetadataAccuracy::test_metadata_completeness[structured] PASSED [  1%]
tests/test_admesh_metadata.py::TestADMESHMetadataAccuracy::test_metadata_completeness[quad_2x2] PASSED [  2%]
tests/test_admesh_metadata.py::TestADMESHMetadataAccuracy::test_metadata_node_count_accuracy[annulus] PASSED [  2%]
tests/test_admesh_metadata.py::TestADMESHMetadataAccuracy::test_metadata_node_count_accuracy[donut] PASSED [  2%]
tests/test_admesh_metadata.py::TestADMESHMetadataAccuracy::test_metadata_node_count_accuracy[block_o] PASSED [  2%]
tests/test_admesh_metadata.py::TestADMESHMetadataAccuracy::test_metadata_node_count_accuracy[structured] PASSED [  2%]
tests/test_admesh_metadata.py::TestADMESHMetadataAccuracy::test_metadata_node_count_accuracy[quad_2x2] PASSED [  2%]
tests/test_admesh_metadata.py::TestADMESHMetadataAccuracy::test_metadata_element_count_accuracy[annulus] PASSED [  2%]
tests/test_admesh_metadata.py::TestADMESHMetadataAccuracy::test_metadata_element_count_accuracy[donut] PASSED [  3%]
tests/test_admesh_metadata.py::TestADMESHMetadataAccuracy::test_metadata_element_count_accuracy[block_o] PASSED [  3%]
tests/test_admesh_metadata.py::TestADMESHMetadataAccuracy::test_metadata_element_count_accuracy[structured] PASSED [  3%]
tests/test_admesh_metadata.py::TestADMESHMetadataAccuracy::test_metadata_element_count_accuracy[quad_2x2] PASSED [  3%]
tests/test_admesh_metadata.py::TestADMESHMetadataAccuracy::test_metadata_element_type_canonical[annulus] PASSED [  3%]
tests/test_admesh_metadata.py::TestADMESHMetadataAccuracy::test_metadata_element_type_canonical[donut] PASSED [  3%]
tests/test_admesh_metadata.py::TestADMESHMetadataAccuracy::test_metadata_element_type_canonical[block_o] PASSED [  3%]
tests/test_admesh_metadata.py::TestADMESHMetadataAccuracy::test_metadata_element_type_canonical[structured] PASSED [  4%]
tests/test_admesh_metadata.py::TestADMESHMetadataAccuracy::test_metadata_element_type_canonical[quad_2x2] PASSED [  4%]
tests/test_admesh_metadata.py::TestADMESHMetadataAccuracy::test_metadata_element_type_matches_mesh_type[annulus] PASSED [  4%]
tests/test_admesh_metadata.py::TestADMESHMetadataAccuracy::test_metadata_element_type_matches_mesh_type[donut] PASSED [  4%]
tests/test_admesh_metadata.py::TestADMESHMetadataAccuracy::test_metadata_element_type_matches_mesh_type[block_o] PASSED [  4%]
tests/test_admesh_metadata.py::TestADMESHMetadataAccuracy::test_metadata_element_type_matches_mesh_type[structured] PASSED [  4%]
tests/test_admesh_metadata.py::TestADMESHMetadataAccuracy::test_metadata_element_type_matches_mesh_type[quad_2x2] PASSED [  4%]
tests/test_admesh_metadata.py::TestADMESHMetadataAccuracy::test_metadata_bounding_box_keys[annulus] PASSED [  5%]
tests/test_admesh_metadata.py::TestADMESHMetadataAccuracy::test_metadata_bounding_box_keys[donut] PASSED [  5%]
tests/test_admesh_metadata.py::TestADMESHMetadataAccuracy::test_metadata_bounding_box_keys[block_o] PASSED [  5%]
tests/test_admesh_metadata.py::TestADMESHMetadataAccuracy::test_metadata_bounding_box_keys[structured] PASSED [  5%]
tests/test_admesh_metadata.py::TestADMESHMetadataAccuracy::test_metadata_bounding_box_keys[quad_2x2] PASSED [  5%]
tests/test_admesh_metadata.py::TestADMESHMetadataAccuracy::test_metadata_bounding_box_validity[annulus] PASSED [  5%]
tests/test_admesh_metadata.py::TestADMESHMetadataAccuracy::test_metadata_bounding_box_validity[donut] PASSED [  5%]
tests/test_admesh_metadata.py::TestADMESHMetadataAccuracy::test_metadata_bounding_box_validity[block_o] PASSED [  6%]
tests/test_admesh_metadata.py::TestADMESHMetadataAccuracy::test_metadata_bounding_box_validity[structured] PASSED [  6%]
tests/test_admesh_metadata.py::TestADMESHMetadataAccuracy::test_metadata_bounding_box_validity[quad_2x2] PASSED [  6%]
tests/test_admesh_metadata.py::TestADMESHMetadataAccuracy::test_metadata_bounding_box_matches_points[annulus] PASSED [  6%]
tests/test_admesh_metadata.py::TestADMESHMetadataAccuracy::test_metadata_bounding_box_matches_points[donut] PASSED [  6%]
tests/test_admesh_metadata.py::TestADMESHMetadataAccuracy::test_metadata_bounding_box_matches_points[block_o] PASSED [  6%]
tests/test_admesh_metadata.py::TestADMESHMetadataAccuracy::test_metadata_bounding_box_matches_points[structured] PASSED [  6%]
tests/test_admesh_metadata.py::TestADMESHMetadataAccuracy::test_metadata_bounding_box_matches_points[quad_2x2] PASSED [  7%]
tests/test_admesh_metadata.py::TestADMESHMetadataAccuracy::test_metadata_with_compute_layers_false PASSED [  7%]
tests/test_admesh_metadata.py::TestADMESHMetadataAccuracy::test_metadata_with_from_admesh_domain PASSED [  7%]
tests/test_admesh_metadata.py::TestADMESHMetadataAccuracy::test_metadata_triangular_vs_quadrilateral PASSED [  7%]
tests/test_admesh_warmstart.py::TestBoundaryPreservation::test_vbnd_annulus_array_form PASSED [  7%]
tests/test_admesh_warmstart.py::TestBoundaryPreservation::test_vbnd_annulus_chilmesh_form PASSED [  7%]
tests/test_admesh_warmstart.py::TestBoundaryPreservation::test_vbnd_donut_domain_agnostic PASSED [  7%]
tests/test_admesh_warmstart.py::TestBoundaryPreservation::test_vbnd_multiple_domains PASSED [  8%]
tests/test_admesh_warmstart.py::TestNonDegradation::test_enforce_non_degradation_true PASSED [  8%]
tests/test_admesh_warmstart.py::TestNonDegradation::test_enforce_non_degradation_false PASSED [  8%]
tests/test_admesh_warmstart.py::TestErrorHandling::test_v_tri_quad_rejection PASSED [  8%]
tests/test_admesh_warmstart.py::TestErrorHandling::test_v_area_degenerate_triangles PASSED [  8%]
tests/test_admesh_warmstart.py::TestErrorHandling::test_v_bnd_sdf_off_boundary PASSED [  8%]
tests/test_admesh_warmstart.py::TestErrorHandling::test_v_bbox_points_outside PASSED [  8%]
tests/test_admesh_warmstart.py::TestExtensibility::test_array_form_source_agnostic PASSED [  9%]
tests/test_admesh_warmstart.py::TestExtensibility::test_domain_agnostic_annulus PASSED [  9%]
tests/test_admesh_warmstart.py::TestExtensibility::test_domain_agnostic_donut PASSED [  9%]
tests/test_admesh_warmstart.py::TestQualityAndPerformance::test_determinism PASSED [  9%]
tests/test_admesh_warmstart.py::TestQualityAndPerformance::test_performance_annulus PASSED [  9%]
tests/test_advancing_front.py::TestAdvancingFrontBoundary::test_boundary_edges_match_direct_call[annulus] PASSED [  9%]
tests/test_advancing_front.py::TestAdvancingFrontBoundary::test_boundary_edges_match_direct_call[donut] PASSED [  9%]
tests/test_advancing_front.py::TestAdvancingFrontBoundary::test_boundary_edges_match_direct_call[structured] PASSED [ 10%]
tests/test_advancing_front.py::TestAdvancingFrontBoundary::test_boundary_edges_sorted[annulus] PASSED [ 10%]
tests/test_advancing_front.py::TestAdvancingFrontBoundary::test_boundary_edges_sorted[donut] PASSED [ 10%]
tests/test_advancing_front.py::TestAdvancingFrontBoundary::test_boundary_edges_sorted[structured] PASSED [ 10%]
tests/test_advancing_front.py::TestAdvancingFrontBoundary::test_boundary_edges_valid_range[annulus] PASSED [ 10%]
tests/test_advancing_front.py::TestAdvancingFrontBoundary::test_boundary_edges_valid_range[donut] PASSED [ 10%]
tests/test_advancing_front.py::TestAdvancingFrontBoundary::test_boundary_edges_valid_range[structured] PASSED [ 10%]
tests/test_advancing_front.py::TestAddAdvancingFrontElement::test_add_triangle_element PASSED [ 11%]
tests/test_advancing_front.py::TestAddAdvancingFrontElement::test_add_quad_element PASSED [ 11%]
tests/test_advancing_front.py::TestAddAdvancingFrontElement::test_add_multiple_elements PASSED [ 11%]
tests/test_advancing_front.py::TestAddAdvancingFrontElement::test_add_element_invalid_type PASSED [ 11%]
tests/test_advancing_front.py::TestAddAdvancingFrontElement::test_add_element_invalid_vertex PASSED [ 11%]
tests/test_advancing_front.py::TestAddAdvancingFrontElement::test_add_element_wrong_vertex_count PASSED [ 11%]
tests/test_advancing_front.py::TestAddAdvancingFrontElement::test_add_element_invalidates_layers PASSED [ 11%]
tests/test_advancing_front.py::TestRemoveBoundaryLoop::test_remove_single_boundary_element PASSED [ 12%]
tests/test_advancing_front.py::TestRemoveBoundaryLoop::test_remove_multiple_boundary_elements PASSED [ 12%]
tests/test_advancing_front.py::TestRemoveBoundaryLoop::test_remove_invalid_edge PASSED [ 12%]
tests/test_advancing_front.py::TestRemoveBoundaryLoop::test_remove_boundary_invalidates_layers PASSED [ 12%]
tests/test_advancing_front.py::TestPinchPoints::test_pinch_points_returns_list PASSED [ 12%]
tests/test_advancing_front.py::TestPinchPoints::test_pinch_points_sorted PASSED [ 12%]
tests/test_advancing_front.py::TestPinchPoints::test_pinch_points_valid_range PASSED [ 12%]
tests/test_advancing_front.py::TestPinchPoints::test_pinch_points_threshold_effect PASSED [ 12%]
tests/test_advancing_front.py::TestPinchPoints::test_pinch_points_threshold_zero_returns_empty PASSED [ 13%]
tests/test_advancing_front.py::TestPinchPoints::test_pinch_points_threshold_above_one_returns_all_eligible PASSED [ 13%]
tests/test_advancing_front.py::TestPinchPoints::test_pinch_points_monotone_in_threshold PASSED [ 13%]
tests/test_advancing_front.py::TestPinchPoints::test_pinch_points_idempotent[annulus] PASSED [ 13%]
tests/test_advancing_front.py::TestPinchPoints::test_pinch_points_idempotent[donut] PASSED [ 13%]
tests/test_advancing_front.py::TestPinchPoints::test_pinch_points_idempotent[structured] PASSED [ 13%]
tests/test_advancing_front.py::TestAdvancingFrontWorkflow::test_small_fill_center_scenario PASSED [ 13%]
tests/test_advancing_front.py::TestAdvancingFrontWorkflow::test_export_after_modification PASSED [ 14%]
tests/test_angle_based_smoother.py::test_angle_smoother_preserves_boundary[annulus] PASSED [ 14%]
tests/test_angle_based_smoother.py::test_angle_smoother_preserves_boundary[donut] PASSED [ 14%]
tests/test_angle_based_smoother.py::test_angle_smoother_preserves_boundary[structured] PASSED [ 14%]
tests/test_angle_based_smoother.py::test_angle_smoother_preserves_z[annulus] PASSED [ 14%]
tests/test_angle_based_smoother.py::test_angle_smoother_preserves_z[donut] PASSED [ 14%]
tests/test_angle_based_smoother.py::test_angle_smoother_preserves_z[structured] PASSED [ 14%]
tests/test_angle_based_smoother.py::test_angle_smoother_output_shape[annulus] PASSED [ 15%]
tests/test_angle_based_smoother.py::test_angle_smoother_output_shape[donut] PASSED [ 15%]
tests/test_angle_based_smoother.py::test_angle_smoother_output_shape[structured] PASSED [ 15%]
tests/test_angle_based_smoother.py::test_angle_smoother_does_not_degrade_min_quality[annulus] PASSED [ 15%]
tests/test_angle_based_smoother.py::test_angle_smoother_does_not_degrade_min_quality[donut] PASSED [ 15%]
tests/test_angle_based_smoother.py::test_angle_smoother_does_not_degrade_min_quality[structured] PASSED [ 15%]
tests/test_angle_based_smoother.py::test_angle_smoother_progresses_toward_fixed_point[annulus] PASSED [ 15%]
tests/test_angle_based_smoother.py::test_angle_smoother_progresses_toward_fixed_point[donut] PASSED [ 16%]
tests/test_angle_based_smoother.py::test_angle_smoother_progresses_toward_fixed_point[structured] PASSED [ 16%]
tests/test_angle_based_smoother.py::test_angle_smoother_moves_interior_when_perturbed PASSED [ 16%]
tests/test_angle_based_smoother.py::test_smooth_mesh_dispatches_to_angle_based PASSED [ 16%]
tests/test_angle_based_smoother.py::test_smooth_mesh_angle_based_requires_acknowledge_change PASSED [ 16%]
tests/test_angle_based_smoother.py::test_ordered_vertex_ring_boundary_returns_none PASSED [ 16%]
tests/test_angle_based_smoother.py::test_ordered_vertex_ring_interior_is_cyclic_cover PASSED [ 16%]
tests/test_angle_based_smoother.py::test_ordered_vertex_ring_padded_triangle_recognized PASSED [ 17%]
tests/test_bridge_adapters.py::TestMADMESHRBridge::test_adapter_initialization[annulus] PASSED [ 17%]
tests/test_bridge_adapters.py::TestMADMESHRBridge::test_adapter_initialization[donut] PASSED [ 17%]
tests/test_bridge_adapters.py::TestMADMESHRBridge::test_adapter_initialization[structured] PASSED [ 17%]
tests/test_bridge_adapters.py::TestMADMESHRBridge::test_get_element_neighbors_valid_range[annulus] PASSED [ 17%]
tests/test_bridge_adapters.py::TestMADMESHRBridge::test_get_element_neighbors_valid_range[donut] PASSED [ 17%]
tests/test_bridge_adapters.py::TestMADMESHRBridge::test_get_element_neighbors_valid_range[structured] PASSED [ 17%]
tests/test_bridge_adapters.py::TestMADMESHRBridge::test_get_element_neighbors_invalid_range[annulus] PASSED [ 18%]
tests/test_bridge_adapters.py::TestMADMESHRBridge::test_get_element_neighbors_invalid_range[donut] PASSED [ 18%]
tests/test_bridge_adapters.py::TestMADMESHRBridge::test_get_element_neighbors_invalid_range[structured] PASSED [ 18%]
tests/test_bridge_adapters.py::TestMADMESHRBridge::test_get_element_quality_neighborhood[annulus] PASSED [ 18%]
tests/test_bridge_adapters.py::TestMADMESHRBridge::test_get_element_quality_neighborhood[donut] PASSED [ 18%]
tests/test_bridge_adapters.py::TestMADMESHRBridge::test_get_element_quality_neighborhood[structured] PASSED [ 18%]
tests/test_bridge_adapters.py::TestMADMESHRBridge::test_get_refinement_region[annulus] PASSED [ 18%]
tests/test_bridge_adapters.py::TestMADMESHRBridge::test_get_refinement_region[donut] PASSED [ 19%]
tests/test_bridge_adapters.py::TestMADMESHRBridge::test_get_refinement_region[structured] PASSED [ 19%]
tests/test_bridge_adapters.py::TestADMESHBridge::test_adapter_initialization[annulus] PASSED [ 19%]
tests/test_bridge_adapters.py::TestADMESHBridge::test_adapter_initialization[donut] PASSED [ 19%]
tests/test_bridge_adapters.py::TestADMESHBridge::test_adapter_initialization[structured] PASSED [ 19%]
tests/test_bridge_adapters.py::TestADMESHBridge::test_get_mesh_quality_report[annulus] PASSED [ 19%]
tests/test_bridge_adapters.py::TestADMESHBridge::test_get_mesh_quality_report[donut] PASSED [ 19%]
tests/test_bridge_adapters.py::TestADMESHBridge::test_get_mesh_quality_report[structured] PASSED [ 20%]
tests/test_bridge_adapters.py::TestADMESHBridge::test_get_element_angles_summary[annulus] PASSED [ 20%]
tests/test_bridge_adapters.py::TestADMESHBridge::test_get_element_angles_summary[donut] PASSED [ 20%]
tests/test_bridge_adapters.py::TestADMESHBridge::test_get_element_angles_summary[structured] PASSED [ 20%]
tests/test_bridge_adapters.py::TestADMESHBridge::test_quality_report_consistency[annulus] PASSED [ 20%]
tests/test_bridge_adapters.py::TestADMESHBridge::test_quality_report_consistency[donut] PASSED [ 20%]
tests/test_bridge_adapters.py::TestADMESHBridge::test_quality_report_consistency[structured] PASSED [ 20%]
tests/test_bridge_adapters.py::TestADMESHDomainsBridge::test_adapter_initialization[annulus] PASSED [ 21%]
tests/test_bridge_adapters.py::TestADMESHDomainsBridge::test_adapter_initialization[donut] PASSED [ 21%]
tests/test_bridge_adapters.py::TestADMESHDomainsBridge::test_adapter_initialization[structured] PASSED [ 21%]
tests/test_bridge_adapters.py::TestADMESHDomainsBridge::test_get_domain_boundaries[annulus] PASSED [ 21%]
tests/test_bridge_adapters.py::TestADMESHDomainsBridge::test_get_domain_boundaries[donut] PASSED [ 21%]
tests/test_bridge_adapters.py::TestADMESHDomainsBridge::test_get_domain_boundaries[structured] PASSED [ 21%]
tests/test_bridge_adapters.py::TestADMESHDomainsBridge::test_get_mesh_connectivity_info[annulus] PASSED [ 21%]
tests/test_bridge_adapters.py::TestADMESHDomainsBridge::test_get_mesh_connectivity_info[donut] PASSED [ 22%]
tests/test_bridge_adapters.py::TestADMESHDomainsBridge::test_get_mesh_connectivity_info[structured] PASSED [ 22%]
tests/test_bridge_adapters.py::TestADMESHDomainsBridge::test_boundary_consistency_with_direct_call[annulus] PASSED [ 22%]
tests/test_bridge_adapters.py::TestADMESHDomainsBridge::test_boundary_consistency_with_direct_call[donut] PASSED [ 22%]
tests/test_bridge_adapters.py::TestADMESHDomainsBridge::test_boundary_consistency_with_direct_call[structured] PASSED [ 22%]
tests/test_bridge_adapters.py::TestBridgeAdaptersErrorHandling::test_madmeshr_invalid_element_id PASSED [ 22%]
tests/test_bridge_adapters.py::TestBridgeAdaptersErrorHandling::test_madmeshr_quality_neighborhood_invalid PASSED [ 22%]
tests/test_bridge_adapters.py::TestBridgeAdaptersCommonWorkflows::test_madmeshr_refinement_workflow PASSED [ 23%]
tests/test_bridge_adapters.py::TestBridgeAdaptersCommonWorkflows::test_admesh_quality_assessment_workflow PASSED [ 23%]
tests/test_bridge_adapters.py::TestBridgeAdaptersCommonWorkflows::test_admesh_domains_multi_domain_setup PASSED [ 23%]
tests/test_ccw.py::test_ccw_idempotent[annulus] PASSED                   [ 23%]
tests/test_ccw.py::test_ccw_idempotent[donut] PASSED                     [ 23%]
tests/test_ccw.py::test_ccw_idempotent[block_o] PASSED                   [ 23%]
tests/test_ccw.py::test_ccw_idempotent[structured] PASSED                [ 23%]
tests/test_ccw.py::test_ccw_flips_clockwise_triangle PASSED              [ 24%]
tests/test_ccw.py::test_ccw_flips_clockwise_quad PASSED                  [ 24%]
tests/test_ccw.py::test_ccw_mixed_element_does_not_scramble_triangle_row PASSED [ 24%]
tests/test_ccw.py::test_ccw_mixed_element_flips_padded_cw_triangle_correctly PASSED [ 24%]
tests/test_ccw.py::test_ccw_mixed_element_flips_only_cw_quad PASSED      [ 24%]
tests/test_cli.py::test_help_lists_subcommands PASSED                    [ 24%]
tests/test_cli.py::test_version_prints PASSED                            [ 24%]
tests/test_cli.py::test_each_subcommand_has_help[info] PASSED            [ 25%]
tests/test_cli.py::test_each_subcommand_has_help[convert] PASSED         [ 25%]
tests/test_cli.py::test_each_subcommand_has_help[smooth] PASSED          [ 25%]
tests/test_cli.py::test_each_subcommand_has_help[plot] PASSED            [ 25%]
tests/test_cli.py::test_missing_command_errors PASSED                    [ 25%]
tests/test_cli.py::test_info_happy_path PASSED                           [ 25%]
tests/test_cli.py::test_info_no_layers_skips_layer_count PASSED          [ 25%]
tests/test_cli.py::test_info_missing_file_errors PASSED                  [ 25%]
tests/test_cli.py::test_info_unknown_format_errors PASSED                [ 26%]
tests/test_cli.py::test_convert_fort14_roundtrip PASSED                  [ 26%]
tests/test_cli.py::test_convert_unknown_output_format_errors PASSED      [ 26%]
tests/test_cli.py::test_smooth_angle_based_writes_output PASSED          [ 26%]
tests/test_cli.py::test_smooth_rejects_unknown_method PASSED             [ 26%]
tests/test_cli.py::test_plot_writes_png PASSED                           [ 26%]
tests/test_cli.py::test_plot_quality_overlay PASSED                      [ 26%]
tests/test_cli.py::test_plot_layers_overlay PASSED                       [ 27%]
tests/test_cli.py::test_plot_requires_output PASSED                      [ 27%]
tests/test_copy.py::test_copy_preserves_scalar_counts[annulus] PASSED    [ 27%]
tests/test_copy.py::test_copy_preserves_scalar_counts[donut] PASSED      [ 27%]
tests/test_copy.py::test_copy_preserves_scalar_counts[block_o] PASSED    [ 27%]
tests/test_copy.py::test_copy_preserves_scalar_counts[structured] PASSED [ 27%]
tests/test_copy.py::test_copy_preserves_scalar_counts[quad_2x2] PASSED   [ 27%]
tests/test_copy.py::test_copy_returns_distinct_instance[annulus] PASSED  [ 28%]
tests/test_copy.py::test_copy_returns_distinct_instance[donut] PASSED    [ 28%]
tests/test_copy.py::test_copy_returns_distinct_instance[block_o] PASSED  [ 28%]
tests/test_copy.py::test_copy_returns_distinct_instance[structured] PASSED [ 28%]
tests/test_copy.py::test_copy_returns_distinct_instance[quad_2x2] PASSED [ 28%]
tests/test_copy.py::test_copy_points_independent[annulus] PASSED         [ 28%]
tests/test_copy.py::test_copy_points_independent[donut] PASSED           [ 28%]
tests/test_copy.py::test_copy_points_independent[block_o] PASSED         [ 29%]
tests/test_copy.py::test_copy_points_independent[structured] PASSED      [ 29%]
tests/test_copy.py::test_copy_points_independent[quad_2x2] PASSED        [ 29%]
tests/test_copy.py::test_copy_connectivity_independent[annulus] PASSED   [ 29%]
tests/test_copy.py::test_copy_connectivity_independent[donut] PASSED     [ 29%]
tests/test_copy.py::test_copy_connectivity_independent[block_o] PASSED   [ 29%]
tests/test_copy.py::test_copy_connectivity_independent[structured] PASSED [ 29%]
tests/test_copy.py::test_copy_connectivity_independent[quad_2x2] PASSED  [ 30%]
tests/test_copy.py::test_copy_adjacencies_dict_not_aliased[annulus] PASSED [ 30%]
tests/test_copy.py::test_copy_adjacencies_dict_not_aliased[donut] PASSED [ 30%]
tests/test_copy.py::test_copy_adjacencies_dict_not_aliased[block_o] PASSED [ 30%]
tests/test_copy.py::test_copy_adjacencies_dict_not_aliased[structured] PASSED [ 30%]
tests/test_copy.py::test_copy_adjacencies_dict_not_aliased[quad_2x2] PASSED [ 30%]
tests/test_copy.py::test_copy_adjacency_arrays_not_aliased[annulus-Elem2Vert] PASSED [ 30%]
tests/test_copy.py::test_copy_adjacency_arrays_not_aliased[annulus-Edge2Vert] PASSED [ 31%]
tests/test_copy.py::test_copy_adjacency_arrays_not_aliased[annulus-Elem2Edge] PASSED [ 31%]
tests/test_copy.py::test_copy_adjacency_arrays_not_aliased[annulus-Edge2Elem] PASSED [ 31%]
tests/test_copy.py::test_copy_adjacency_arrays_not_aliased[donut-Elem2Vert] PASSED [ 31%]
tests/test_copy.py::test_copy_adjacency_arrays_not_aliased[donut-Edge2Vert] PASSED [ 31%]
tests/test_copy.py::test_copy_adjacency_arrays_not_aliased[donut-Elem2Edge] PASSED [ 31%]
tests/test_copy.py::test_copy_adjacency_arrays_not_aliased[donut-Edge2Elem] PASSED [ 31%]
tests/test_copy.py::test_copy_adjacency_arrays_not_aliased[block_o-Elem2Vert] PASSED [ 32%]
tests/test_copy.py::test_copy_adjacency_arrays_not_aliased[block_o-Edge2Vert] PASSED [ 32%]
tests/test_copy.py::test_copy_adjacency_arrays_not_aliased[block_o-Elem2Edge] PASSED [ 32%]
tests/test_copy.py::test_copy_adjacency_arrays_not_aliased[block_o-Edge2Elem] PASSED [ 32%]
tests/test_copy.py::test_copy_adjacency_arrays_not_aliased[structured-Elem2Vert] PASSED [ 32%]
tests/test_copy.py::test_copy_adjacency_arrays_not_aliased[structured-Edge2Vert] PASSED [ 32%]
tests/test_copy.py::test_copy_adjacency_arrays_not_aliased[structured-Elem2Edge] PASSED [ 32%]
tests/test_copy.py::test_copy_adjacency_arrays_not_aliased[structured-Edge2Elem] PASSED [ 33%]
tests/test_copy.py::test_copy_adjacency_arrays_not_aliased[quad_2x2-Elem2Vert] PASSED [ 33%]
tests/test_copy.py::test_copy_adjacency_arrays_not_aliased[quad_2x2-Edge2Vert] PASSED [ 33%]
tests/test_copy.py::test_copy_adjacency_arrays_not_aliased[quad_2x2-Elem2Edge] PASSED [ 33%]
tests/test_copy.py::test_copy_adjacency_arrays_not_aliased[quad_2x2-Edge2Elem] PASSED [ 33%]
tests/test_copy.py::test_copy_sparse_adjacencies_not_aliased[annulus-Vert2Edge] PASSED [ 33%]
tests/test_copy.py::test_copy_sparse_adjacencies_not_aliased[annulus-Vert2Elem] PASSED [ 33%]
tests/test_copy.py::test_copy_sparse_adjacencies_not_aliased[donut-Vert2Edge] PASSED [ 34%]
tests/test_copy.py::test_copy_sparse_adjacencies_not_aliased[donut-Vert2Elem] PASSED [ 34%]
tests/test_copy.py::test_copy_sparse_adjacencies_not_aliased[block_o-Vert2Edge] PASSED [ 34%]
tests/test_copy.py::test_copy_sparse_adjacencies_not_aliased[block_o-Vert2Elem] PASSED [ 34%]
tests/test_copy.py::test_copy_sparse_adjacencies_not_aliased[structured-Vert2Edge] PASSED [ 34%]
tests/test_copy.py::test_copy_sparse_adjacencies_not_aliased[structured-Vert2Elem] PASSED [ 34%]
tests/test_copy.py::test_copy_sparse_adjacencies_not_aliased[quad_2x2-Vert2Edge] PASSED [ 34%]
tests/test_copy.py::test_copy_sparse_adjacencies_not_aliased[quad_2x2-Vert2Elem] PASSED [ 35%]
tests/test_copy.py::test_copy_layers_independent[annulus] PASSED         [ 35%]
tests/test_copy.py::test_copy_layers_independent[donut] PASSED           [ 35%]
tests/test_copy.py::test_copy_layers_independent[block_o] PASSED         [ 35%]
tests/test_copy.py::test_copy_layers_independent[structured] PASSED      [ 35%]
tests/test_copy.py::test_copy_layers_independent[quad_2x2] PASSED        [ 35%]
tests/test_copy.py::test_copy_idempotent_on_repeat[annulus] PASSED       [ 35%]
tests/test_copy.py::test_copy_idempotent_on_repeat[donut] PASSED         [ 36%]
tests/test_copy.py::test_copy_idempotent_on_repeat[block_o] PASSED       [ 36%]
tests/test_copy.py::test_copy_idempotent_on_repeat[structured] PASSED    [ 36%]
tests/test_copy.py::test_copy_idempotent_on_repeat[quad_2x2] PASSED      [ 36%]
tests/test_degeneracy.py::TestDegeneracyHandling::test_padded_triangle_as_quad_ccw_flip PASSED [ 36%]
tests/test_degeneracy.py::TestDegeneracyHandling::test_degenerate_quad_with_duplicate_vertices_fallback PASSED [ 36%]
tests/test_degeneracy.py::TestDegeneracyHandling::test_mixed_element_mesh_with_padded_triangles PASSED [ 36%]
tests/test_degeneracy.py::TestDegeneracyHandling::test_adjacency_building_with_degenerate_elements PASSED [ 37%]
tests/test_degeneracy.py::TestDegeneracyHandling::test_element_quality_with_degenerate_mesh PASSED [ 37%]
tests/test_degeneracy.py::TestDegeneracyHandling::test_backward_compatibility_quad_reader PASSED [ 37%]
tests/test_degeneracy.py::TestMADMESHRCompatibility::test_mesh_can_be_adapted_after_degeneracy_handling PASSED [ 37%]
tests/test_degeneracy.py::TestMADMESHRCompatibility::test_degeneracy_fallback_preserves_mesh_integrity PASSED [ 37%]
tests/test_edge_map.py::TestEdgeMapBasics::test_empty_map PASSED         [ 37%]
tests/test_edge_map.py::TestEdgeMapBasics::test_add_single_edge PASSED   [ 37%]
tests/test_edge_map.py::TestEdgeMapBasics::test_add_multiple_edges PASSED [ 37%]
tests/test_edge_map.py::TestEdgeMapBasics::test_canonical_form PASSED    [ 38%]
tests/test_edge_map.py::TestEdgeMapBasics::test_idempotent_add PASSED    [ 38%]
tests/test_edge_map.py::TestEdgeMapFind::test_find_existing PASSED       [ 38%]
tests/test_edge_map.py::TestEdgeMapFind::test_find_nonexistent PASSED    [ 38%]
tests/test_edge_map.py::TestEdgeMapFind::test_find_respects_canonical_form PASSED [ 38%]
tests/test_edge_map.py::TestEdgeMapRemove::test_remove_existing PASSED   [ 38%]
tests/test_edge_map.py::TestEdgeMapRemove::test_remove_nonexistent PASSED [ 38%]
tests/test_edge_map.py::TestEdgeMapRemove::test_remove_respects_canonical_form PASSED [ 39%]
tests/test_edge_map.py::TestEdgeMapContains::test_contains_existing PASSED [ 39%]
tests/test_edge_map.py::TestEdgeMapContains::test_contains_nonexistent PASSED [ 39%]
tests/test_edge_map.py::TestEdgeMapConversion::test_to_array_empty PASSED [ 39%]
tests/test_edge_map.py::TestEdgeMapConversion::test_to_array_single_edge PASSED [ 39%]
tests/test_edge_map.py::TestEdgeMapConversion::test_to_array_multiple_edges PASSED [ 39%]
tests/test_edge_map.py::TestEdgeMapConversion::test_to_array_canonical_form PASSED [ 39%]
tests/test_edge_map.py::TestEdgeMapConversion::test_to_list_empty PASSED [ 40%]
tests/test_edge_map.py::TestEdgeMapConversion::test_to_list_multiple_edges PASSED [ 40%]
tests/test_edge_map.py::TestEdgeMapIntegration::test_triangle_edges PASSED [ 40%]
tests/test_edge_map.py::TestEdgeMapIntegration::test_quad_edges PASSED   [ 40%]
tests/test_edge_map.py::TestEdgeMapIntegration::test_shared_edges PASSED [ 40%]
tests/test_edge_map.py::TestEdgeMapIntegration::test_large_mesh PASSED   [ 40%]
tests/test_elem_type.py::test_elem_type_classifies_vertex_zero_quad_as_quad PASSED [ 40%]
tests/test_elem_type.py::test_elem_type_real_triangle_in_padded_mesh PASSED [ 41%]
tests/test_fast_init.py::TestFastInitialization::test_fast_init_timing[annulus] PASSED [ 41%]
tests/test_fast_init.py::TestFastInitialization::test_fast_init_timing[donut] PASSED [ 41%]
tests/test_fast_init.py::TestFastInitialization::test_fast_init_timing[quad_2x2] PASSED [ 41%]
tests/test_fast_init.py::TestFastInitialization::test_no_adjacencies_when_fast_init[annulus] PASSED [ 41%]
tests/test_fast_init.py::TestFastInitialization::test_no_adjacencies_when_fast_init[donut] PASSED [ 41%]
tests/test_fast_init.py::TestFastInitialization::test_no_adjacencies_when_fast_init[quad_2x2] PASSED [ 41%]
tests/test_fast_init.py::TestFastInitialization::test_mesh_geometry_preserved_fast_init[annulus] PASSED [ 42%]
tests/test_fast_init.py::TestFastInitialization::test_mesh_geometry_preserved_fast_init[donut] PASSED [ 42%]
tests/test_fast_init.py::TestFastInitialization::test_mesh_geometry_preserved_fast_init[quad_2x2] PASSED [ 42%]
tests/test_fast_init.py::TestFastInitialization::test_element_type_set_with_fast_init[annulus] PASSED [ 42%]
tests/test_fast_init.py::TestFastInitialization::test_element_type_set_with_fast_init[donut] PASSED [ 42%]
tests/test_fast_init.py::TestFastInitialization::test_element_type_set_with_fast_init[quad_2x2] PASSED [ 42%]
tests/test_fast_init.py::TestFastInitialization::test_get_layer_fails_after_fast_init PASSED [ 42%]
tests/test_fast_init.py::TestFastInitialization::test_from_admesh_domain_fast_init PASSED [ 43%]
tests/test_fort14_quad_roundtrip.py::test_quad_load_basic PASSED         [ 43%]
tests/test_fort14_quad_roundtrip.py::test_quad_roundtrip PASSED          [ 43%]
tests/test_fort14_quad_roundtrip.py::test_quad_compute_layers_false PASSED [ 43%]
tests/test_fort14_quad_roundtrip.py::test_quad_padding_convention PASSED [ 43%]
tests/test_fort14_quad_roundtrip.py::test_quad_bounding_box PASSED       [ 43%]
tests/test_fort14_roundtrip.py::test_fort14_roundtrip_identity[annulus] PASSED [ 43%]
tests/test_fort14_roundtrip.py::test_fort14_roundtrip_identity[donut] PASSED [ 44%]
tests/test_fort14_roundtrip.py::test_fort14_roundtrip_identity[block_o] PASSED [ 44%]
tests/test_fort14_roundtrip.py::test_fort14_roundtrip_identity[structured] PASSED [ 44%]
tests/test_from_admesh_domain.py::TestFromADMESHDomain::test_adcirc_routing PASSED [ 44%]
tests/test_from_admesh_domain.py::TestFromADMESHDomain::test_adcirc_grd_routing PASSED [ 44%]
tests/test_from_admesh_domain.py::TestFromADMESHDomain::test_unknown_type_fallback PASSED [ 44%]
tests/test_from_admesh_domain.py::TestFromADMESHDomain::test_none_type_defaults_to_adcirc PASSED [ 44%]
tests/test_from_admesh_domain.py::TestFromADMESHDomain::test_missing_file_error PASSED [ 45%]
tests/test_from_admesh_domain.py::TestFromADMESHDomain::test_compute_layers_false_forwarded PASSED [ 45%]
tests/test_from_admesh_domain.py::TestADMESHMetadata::test_metadata_basic PASSED [ 45%]
tests/test_from_admesh_domain.py::TestADMESHMetadata::test_metadata_values_quad_2x2 PASSED [ 45%]
tests/test_from_admesh_domain.py::TestADMESHMetadata::test_metadata_bounding_box PASSED [ 45%]
tests/test_from_admesh_domain.py::TestADMESHMetadata::test_metadata_with_no_layers PASSED [ 45%]
tests/test_from_admesh_domain.py::TestADMESHMetadata::test_metadata_triangular_mesh PASSED [ 45%]
tests/test_interior_angles.py::test_triangle_angles_sum_to_180[annulus] PASSED [ 46%]
tests/test_interior_angles.py::test_triangle_angles_sum_to_180[donut] PASSED [ 46%]
tests/test_interior_angles.py::test_triangle_angles_sum_to_180[block_o] PASSED [ 46%]
tests/test_interior_angles.py::test_triangle_angles_sum_to_180[structured] PASSED [ 46%]
tests/test_interior_angles.py::test_quad_angles_sum_to_360_unit_square PASSED [ 46%]
tests/test_interior_angles.py::test_quad_angles_no_nan_on_degenerate_quad PASSED [ 46%]
tests/test_invariants.py::test_connectivity_wellformed[annulus] PASSED   [ 46%]
tests/test_invariants.py::test_layers_disjoint_cover[annulus] PASSED     [ 47%]
tests/test_invariants.py::test_layers_at_least_one[annulus] PASSED       [ 47%]
tests/test_invariants.py::test_layers_outer_layer_touches_boundary[annulus] PASSED [ 47%]
tests/test_invariants.py::test_interior_angles_no_nan[annulus] PASSED    [ 47%]
tests/test_invariants.py::test_connectivity_wellformed[donut] PASSED     [ 47%]
tests/test_invariants.py::test_layers_disjoint_cover[donut] PASSED       [ 47%]
tests/test_invariants.py::test_layers_at_least_one[donut] PASSED         [ 47%]
tests/test_invariants.py::test_layers_outer_layer_touches_boundary[donut] PASSED [ 48%]
tests/test_invariants.py::test_interior_angles_no_nan[donut] PASSED      [ 48%]
tests/test_invariants.py::test_connectivity_wellformed[block_o] PASSED   [ 48%]
tests/test_invariants.py::test_layers_disjoint_cover[block_o] PASSED     [ 48%]
tests/test_invariants.py::test_layers_at_least_one[block_o] PASSED       [ 48%]
tests/test_invariants.py::test_layers_outer_layer_touches_boundary[block_o] PASSED [ 48%]
tests/test_invariants.py::test_interior_angles_no_nan[block_o] PASSED    [ 48%]
tests/test_invariants.py::test_connectivity_wellformed[structured] PASSED [ 49%]
tests/test_invariants.py::test_layers_disjoint_cover[structured] PASSED  [ 49%]
tests/test_invariants.py::test_layers_at_least_one[structured] PASSED    [ 49%]
tests/test_invariants.py::test_layers_outer_layer_touches_boundary[structured] PASSED [ 49%]
tests/test_invariants.py::test_interior_angles_no_nan[structured] PASSED [ 49%]
tests/test_layer_paths.py::test_every_layer_edge_covered_exactly_once[annulus] PASSED [ 49%]
tests/test_layer_paths.py::test_every_layer_edge_covered_exactly_once[donut] PASSED [ 49%]
tests/test_layer_paths.py::test_every_layer_edge_covered_exactly_once[structured] PASSED [ 50%]
tests/test_layer_paths.py::test_every_layer_edge_covered_exactly_once[quad_2x2] PASSED [ 50%]
tests/test_layer_paths.py::test_paths_traverse_only_outer_vertices[annulus] PASSED [ 50%]
tests/test_layer_paths.py::test_paths_traverse_only_outer_vertices[donut] PASSED [ 50%]
tests/test_layer_paths.py::test_paths_traverse_only_outer_vertices[structured] PASSED [ 50%]
tests/test_layer_paths.py::test_paths_traverse_only_outer_vertices[quad_2x2] PASSED [ 50%]
tests/test_layer_paths.py::test_consecutive_path_vertices_share_an_edge[annulus] PASSED [ 50%]
tests/test_layer_paths.py::test_consecutive_path_vertices_share_an_edge[donut] PASSED [ 50%]
tests/test_layer_paths.py::test_consecutive_path_vertices_share_an_edge[structured] PASSED [ 51%]
tests/test_layer_paths.py::test_consecutive_path_vertices_share_an_edge[quad_2x2] PASSED [ 51%]
tests/test_layer_paths.py::test_closed_walks_when_topology_allows[annulus] PASSED [ 51%]
tests/test_layer_paths.py::test_closed_walks_when_topology_allows[donut] PASSED [ 51%]
tests/test_layer_paths.py::test_closed_walks_when_topology_allows[structured] PASSED [ 51%]
tests/test_layer_paths.py::test_closed_walks_when_topology_allows[quad_2x2] PASSED [ 51%]
tests/test_layer_paths.py::test_returns_list_of_ndarrays[annulus] PASSED [ 51%]
tests/test_layer_paths.py::test_returns_list_of_ndarrays[donut] PASSED   [ 52%]
tests/test_layer_paths.py::test_returns_list_of_ndarrays[structured] PASSED [ 52%]
tests/test_layer_paths.py::test_returns_list_of_ndarrays[quad_2x2] PASSED [ 52%]
tests/test_layer_paths.py::test_invalid_layer_index_raises[annulus] PASSED [ 52%]
tests/test_layer_paths.py::test_invalid_layer_index_raises[donut] PASSED [ 52%]
tests/test_layer_paths.py::test_invalid_layer_index_raises[structured] PASSED [ 52%]
tests/test_layer_paths.py::test_invalid_layer_index_raises[quad_2x2] PASSED [ 52%]
tests/test_layer_paths.py::test_module_level_and_method_agree[annulus] PASSED [ 53%]
tests/test_layer_paths.py::test_module_level_and_method_agree[donut] PASSED [ 53%]
tests/test_layer_paths.py::test_module_level_and_method_agree[structured] PASSED [ 53%]
tests/test_layer_paths.py::test_module_level_and_method_agree[quad_2x2] PASSED [ 53%]
tests/test_layer_paths.py::test_donut_layer_zero_has_two_disjoint_cycles PASSED [ 53%]
tests/test_layers_annulus.py::test_structured_grid_elem2elem PASSED      [ 53%]
tests/test_layers_annulus.py::test_structured_grid_boundary_edges PASSED [ 53%]
tests/test_layers_annulus.py::test_structured_grid_layers PASSED         [ 54%]
tests/test_layers_annulus.py::test_no_duplicate_layer_assignments PASSED [ 54%]
tests/test_layers_annulus.py::test_annulus_layers PASSED                 [ 54%]
tests/test_layers_annulus.py::test_edge2elem_sentinel PASSED             [ 54%]
tests/test_metadata_validation.py::TestMetadataValidation::test_metadata_completeness_for_contribution PASSED [ 54%]
tests/test_metadata_validation.py::TestMetadataValidation::test_metadata_values_verifiable PASSED [ 54%]
tests/test_metadata_validation.py::TestMetadataValidation::test_metadata_mismatch_detectable PASSED [ 54%]
tests/test_metadata_validation.py::TestMetadataValidation::test_element_type_enum_validation PASSED [ 55%]
tests/test_metadata_validation.py::TestMetadataValidation::test_contributor_preparation_workflow PASSED [ 55%]
tests/test_metadata_validation.py::TestMetadataValidation::test_wrong_element_type_caught PASSED [ 55%]
tests/test_metadata_validation.py::TestMetadataValidation::test_bounding_box_precision PASSED [ 55%]
tests/test_metadata_validation.py::TestMetadataValidation::test_metadata_via_from_admesh_domain_for_validation PASSED [ 55%]
tests/test_metadata_validation.py::TestGetLayerGuard::test_get_layer_error_message_clarity PASSED [ 55%]
tests/test_metadata_validation.py::TestGetLayerGuard::test_get_layer_error_before_range_check PASSED [ 55%]
tests/test_metadata_validation.py::TestGetLayerGuard::test_get_layer_valid_index_with_layers PASSED [ 56%]
tests/test_metadata_validation.py::TestGetLayerGuard::test_get_layer_invalid_index_with_layers PASSED [ 56%]
tests/test_mutations.py::TestMutableMeshInitialization::test_init_wraps_chilmesh[annulus] PASSED [ 56%]
tests/test_mutations.py::TestMutableMeshInitialization::test_init_wraps_chilmesh[donut] PASSED [ 56%]
tests/test_mutations.py::TestMutableMeshInitialization::test_init_validates_invariants[annulus] PASSED [ 56%]
tests/test_mutations.py::TestMutableMeshInitialization::test_init_validates_invariants[donut] PASSED [ 56%]
tests/test_mutations.py::TestSplitTriangle::test_split_triangle_basic[annulus] PASSED [ 56%]
tests/test_mutations.py::TestSplitTriangle::test_split_triangle_basic[donut] PASSED [ 57%]
tests/test_mutations.py::TestSplitTriangle::test_split_triangle_default_point[annulus] PASSED [ 57%]
tests/test_mutations.py::TestSplitTriangle::test_split_triangle_default_point[donut] PASSED [ 57%]
tests/test_mutations.py::TestSplitTriangle::test_split_triangle_custom_point[annulus] PASSED [ 57%]
tests/test_mutations.py::TestSplitTriangle::test_split_triangle_custom_point[donut] PASSED [ 57%]
tests/test_mutations.py::TestSplitTriangle::test_split_triangle_invalid_elem_id[annulus] PASSED [ 57%]
tests/test_mutations.py::TestSplitTriangle::test_split_triangle_invalid_elem_id[donut] PASSED [ 57%]
tests/test_mutations.py::TestSplitTriangle::test_split_triangle_preserves_orientation[annulus] PASSED [ 58%]
tests/test_mutations.py::TestSplitTriangle::test_split_triangle_preserves_orientation[donut] PASSED [ 58%]
tests/test_mutations.py::TestSplitTriangle::test_split_triangle_z_preserved[annulus] PASSED [ 58%]
tests/test_mutations.py::TestSplitTriangle::test_split_triangle_z_preserved[donut] PASSED [ 58%]
tests/test_mutations.py::TestSwapEdge::test_swap_edge_interior[annulus] PASSED [ 58%]
tests/test_mutations.py::TestSwapEdge::test_swap_edge_interior[donut] PASSED [ 58%]
tests/test_mutations.py::TestSwapEdge::test_swap_edge_boundary_raises[annulus] PASSED [ 58%]
tests/test_mutations.py::TestSwapEdge::test_swap_edge_boundary_raises[donut] PASSED [ 59%]
tests/test_mutations.py::TestSwapEdge::test_swap_edge_invalid_id[annulus] PASSED [ 59%]
tests/test_mutations.py::TestSwapEdge::test_swap_edge_invalid_id[donut] PASSED [ 59%]
tests/test_mutations.py::TestMergeElements::test_merge_elements_adjacent[annulus] SKIPPED [ 59%]
tests/test_mutations.py::TestMergeElements::test_merge_elements_adjacent[donut] SKIPPED [ 59%]
tests/test_mutations.py::TestMergeElements::test_merge_elements_non_adjacent_raises[annulus] PASSED [ 59%]
tests/test_mutations.py::TestMergeElements::test_merge_elements_non_adjacent_raises[donut] PASSED [ 59%]
tests/test_mutations.py::TestMergeElements::test_merge_elements_self_raises[annulus] PASSED [ 60%]
tests/test_mutations.py::TestMergeElements::test_merge_elements_self_raises[donut] PASSED [ 60%]
tests/test_mutations.py::TestInsertVertex::test_insert_vertex_basic[annulus] PASSED [ 60%]
tests/test_mutations.py::TestInsertVertex::test_insert_vertex_basic[donut] PASSED [ 60%]
tests/test_mutations.py::TestInsertVertex::test_insert_vertex_increases_count[annulus] PASSED [ 60%]
tests/test_mutations.py::TestInsertVertex::test_insert_vertex_increases_count[donut] PASSED [ 60%]
tests/test_mutations.py::TestInsertVertex::test_insert_vertex_outside_mesh_raises[annulus] PASSED [ 60%]
tests/test_mutations.py::TestInsertVertex::test_insert_vertex_outside_mesh_raises[donut] PASSED [ 61%]
tests/test_mutations.py::TestInsertVertex::test_insert_vertex_creates_triangles_from_point[annulus] PASSED [ 61%]
tests/test_mutations.py::TestInsertVertex::test_insert_vertex_creates_triangles_from_point[donut] PASSED [ 61%]
tests/test_mutations.py::TestInsertVertex::test_insert_vertex_maintains_ccw[annulus] PASSED [ 61%]
tests/test_mutations.py::TestInsertVertex::test_insert_vertex_maintains_ccw[donut] PASSED [ 61%]
tests/test_mutations.py::TestInsertVertex::test_insert_vertex_spatial_index_updated[annulus] PASSED [ 61%]
tests/test_mutations.py::TestInsertVertex::test_insert_vertex_spatial_index_updated[donut] PASSED [ 61%]
tests/test_mutations.py::TestInsertVertex::test_split_triangle_spatial_index_updated[annulus] PASSED [ 62%]
tests/test_mutations.py::TestInsertVertex::test_split_triangle_spatial_index_updated[donut] PASSED [ 62%]
tests/test_package_imports.py::test_top_level_import PASSED              [ 62%]
tests/test_package_imports.py::test_examples_annulus_loads PASSED        [ 62%]
tests/test_package_imports.py::test_all_example_factories_load PASSED    [ 62%]
tests/test_package_imports.py::test_utils_subpackage_importable PASSED   [ 62%]
tests/test_performance_edge_building.py::TestEdgeBuildingPerformance::test_adjacency_build_time_fast_fixtures[annulus] PASSED [ 62%]
tests/test_performance_edge_building.py::TestEdgeBuildingPerformance::test_adjacency_build_time_fast_fixtures[donut] PASSED [ 62%]
tests/test_performance_edge_building.py::TestEdgeBuildingPerformance::test_adjacency_build_time_fast_fixtures[structured] PASSED [ 63%]
tests/test_performance_edge_building.py::TestEdgeBuildingPerformance::test_edge_map_available PASSED [ 63%]
tests/test_performance_edge_building.py::TestEdgeBuildingPerformance::test_edge_map_consistency PASSED [ 63%]
tests/test_performance_edge_building.py::TestEdgeBuildingPerformance::test_edge_map_lookup_O1 PASSED [ 63%]
tests/test_performance_edge_building.py::TestEdgeBuildingPerformance::test_elem2edge_and_edge2elem_valid PASSED [ 63%]
tests/test_performance_edge_building.py::TestEdgeBuildingPerformance::test_mixed_element_adjacencies PASSED [ 63%]
tests/test_performance_edge_building.py::TestEdgeBuildingPerformance::test_block_o_still_reasonable PASSED [ 63%]
tests/test_performance_edge_building.py::TestEdgeMapBackwardCompatibility::test_signed_area_unchanged[annulus] PASSED [ 64%]
tests/test_performance_edge_building.py::TestEdgeMapBackwardCompatibility::test_signed_area_unchanged[donut] PASSED [ 64%]
tests/test_performance_edge_building.py::TestEdgeMapBackwardCompatibility::test_signed_area_unchanged[structured] PASSED [ 64%]
tests/test_performance_edge_building.py::TestEdgeMapBackwardCompatibility::test_layers_unchanged[annulus] PASSED [ 64%]
tests/test_performance_edge_building.py::TestEdgeMapBackwardCompatibility::test_layers_unchanged[donut] PASSED [ 64%]
tests/test_performance_edge_building.py::TestEdgeMapBackwardCompatibility::test_layers_unchanged[structured] PASSED [ 64%]
tests/test_performance_edge_building.py::TestEdgeMapBackwardCompatibility::test_smoothing_unchanged[annulus] PASSED [ 64%]
tests/test_performance_edge_building.py::TestEdgeMapBackwardCompatibility::test_smoothing_unchanged[donut] PASSED [ 65%]
tests/test_performance_edge_building.py::TestEdgeMapBackwardCompatibility::test_smoothing_unchanged[structured] PASSED [ 65%]
tests/test_plot_utils.py::test_plot_returns_fig_ax[annulus] PASSED       [ 65%]
tests/test_plot_utils.py::test_plot_returns_fig_ax[donut] PASSED         [ 65%]
tests/test_plot_utils.py::test_plot_returns_fig_ax[structured] PASSED    [ 65%]
tests/test_plot_utils.py::test_plot_returns_fig_ax[quad_2x2] PASSED      [ 65%]
tests/test_plot_utils.py::test_plot_with_elem_color[annulus] PASSED      [ 65%]
tests/test_plot_utils.py::test_plot_with_elem_color[donut] PASSED        [ 66%]
tests/test_plot_utils.py::test_plot_with_elem_color[structured] PASSED   [ 66%]
tests/test_plot_utils.py::test_plot_with_elem_color[quad_2x2] PASSED     [ 66%]
tests/test_plot_utils.py::test_plot_subset_elem_ids[annulus] PASSED      [ 66%]
tests/test_plot_utils.py::test_plot_subset_elem_ids[donut] PASSED        [ 66%]
tests/test_plot_utils.py::test_plot_subset_elem_ids[structured] PASSED   [ 66%]
tests/test_plot_utils.py::test_plot_subset_elem_ids[quad_2x2] PASSED     [ 66%]
tests/test_plot_utils.py::test_plot_reuses_provided_ax[annulus] PASSED   [ 67%]
tests/test_plot_utils.py::test_plot_reuses_provided_ax[donut] PASSED     [ 67%]
tests/test_plot_utils.py::test_plot_reuses_provided_ax[structured] PASSED [ 67%]
tests/test_plot_utils.py::test_plot_reuses_provided_ax[quad_2x2] PASSED  [ 67%]
tests/test_plot_utils.py::test_plot_edge_returns_fig_ax[annulus] PASSED  [ 67%]
tests/test_plot_utils.py::test_plot_edge_returns_fig_ax[donut] PASSED    [ 67%]
tests/test_plot_utils.py::test_plot_edge_returns_fig_ax[structured] PASSED [ 67%]
tests/test_plot_utils.py::test_plot_edge_returns_fig_ax[quad_2x2] PASSED [ 68%]
tests/test_plot_utils.py::test_plot_edge_subset[annulus] PASSED          [ 68%]
tests/test_plot_utils.py::test_plot_edge_subset[donut] PASSED            [ 68%]
tests/test_plot_utils.py::test_plot_edge_subset[structured] PASSED       [ 68%]
tests/test_plot_utils.py::test_plot_edge_subset[quad_2x2] PASSED         [ 68%]
tests/test_plot_utils.py::test_plot_boundary_returns_fig_ax[annulus] PASSED [ 68%]
tests/test_plot_utils.py::test_plot_boundary_returns_fig_ax[donut] PASSED [ 68%]
tests/test_plot_utils.py::test_plot_boundary_returns_fig_ax[structured] PASSED [ 69%]
tests/test_plot_utils.py::test_plot_boundary_returns_fig_ax[quad_2x2] PASSED [ 69%]
tests/test_plot_utils.py::test_plot_boundary_non_empty[annulus] PASSED   [ 69%]
tests/test_plot_utils.py::test_plot_boundary_non_empty[donut] PASSED     [ 69%]
tests/test_plot_utils.py::test_plot_boundary_non_empty[structured] PASSED [ 69%]
tests/test_plot_utils.py::test_plot_boundary_non_empty[quad_2x2] PASSED  [ 69%]
tests/test_plot_utils.py::test_plot_interior_edges_returns_fig_ax[annulus] PASSED [ 69%]
tests/test_plot_utils.py::test_plot_interior_edges_returns_fig_ax[donut] PASSED [ 70%]
tests/test_plot_utils.py::test_plot_interior_edges_returns_fig_ax[structured] PASSED [ 70%]
tests/test_plot_utils.py::test_plot_interior_edges_returns_fig_ax[quad_2x2] PASSED [ 70%]
tests/test_plot_utils.py::test_boundary_and_interior_partition_all_edges[annulus] PASSED [ 70%]
tests/test_plot_utils.py::test_boundary_and_interior_partition_all_edges[donut] PASSED [ 70%]
tests/test_plot_utils.py::test_boundary_and_interior_partition_all_edges[structured] PASSED [ 70%]
tests/test_plot_utils.py::test_boundary_and_interior_partition_all_edges[quad_2x2] PASSED [ 70%]
tests/test_plot_utils.py::test_plot_elem_returns_fig_ax[annulus] PASSED  [ 71%]
tests/test_plot_utils.py::test_plot_elem_returns_fig_ax[donut] PASSED    [ 71%]
tests/test_plot_utils.py::test_plot_elem_returns_fig_ax[structured] PASSED [ 71%]
tests/test_plot_utils.py::test_plot_elem_returns_fig_ax[quad_2x2] PASSED [ 71%]
tests/test_plot_utils.py::test_plot_face_is_alias[annulus] PASSED        [ 71%]
tests/test_plot_utils.py::test_plot_face_is_alias[donut] PASSED          [ 71%]
tests/test_plot_utils.py::test_plot_face_is_alias[structured] PASSED     [ 71%]
tests/test_plot_utils.py::test_plot_face_is_alias[quad_2x2] PASSED       [ 72%]
tests/test_plot_utils.py::test_plot_point_vertex[annulus] PASSED         [ 72%]
tests/test_plot_utils.py::test_plot_point_vertex[donut] PASSED           [ 72%]
tests/test_plot_utils.py::test_plot_point_vertex[structured] PASSED      [ 72%]
tests/test_plot_utils.py::test_plot_point_vertex[quad_2x2] PASSED        [ 72%]
tests/test_plot_utils.py::test_plot_point_edge_midpoint[annulus] PASSED  [ 72%]
tests/test_plot_utils.py::test_plot_point_edge_midpoint[donut] PASSED    [ 72%]
tests/test_plot_utils.py::test_plot_point_edge_midpoint[structured] PASSED [ 73%]
tests/test_plot_utils.py::test_plot_point_edge_midpoint[quad_2x2] PASSED [ 73%]
tests/test_plot_utils.py::test_plot_point_centroid[annulus] PASSED       [ 73%]
tests/test_plot_utils.py::test_plot_point_centroid[donut] PASSED         [ 73%]
tests/test_plot_utils.py::test_plot_point_centroid[structured] PASSED    [ 73%]
tests/test_plot_utils.py::test_plot_point_centroid[quad_2x2] PASSED      [ 73%]
tests/test_plot_utils.py::test_plot_point_invalid_type_raises[annulus] PASSED [ 73%]
tests/test_plot_utils.py::test_plot_point_invalid_type_raises[donut] PASSED [ 74%]
tests/test_plot_utils.py::test_plot_point_invalid_type_raises[structured] PASSED [ 74%]
tests/test_plot_utils.py::test_plot_point_invalid_type_raises[quad_2x2] PASSED [ 74%]
tests/test_plot_utils.py::test_plot_label_all[annulus] PASSED            [ 74%]
tests/test_plot_utils.py::test_plot_label_all[donut] PASSED              [ 74%]
tests/test_plot_utils.py::test_plot_label_all[structured] PASSED         [ 74%]
tests/test_plot_utils.py::test_plot_label_all[quad_2x2] PASSED           [ 74%]
tests/test_plot_utils.py::test_plot_label_vertex_only[annulus] PASSED    [ 75%]
tests/test_plot_utils.py::test_plot_label_vertex_only[donut] PASSED      [ 75%]
tests/test_plot_utils.py::test_plot_label_vertex_only[structured] PASSED [ 75%]
tests/test_plot_utils.py::test_plot_label_vertex_only[quad_2x2] PASSED   [ 75%]
tests/test_plot_utils.py::test_plot_label_edge_only[annulus] PASSED      [ 75%]
tests/test_plot_utils.py::test_plot_label_edge_only[donut] PASSED        [ 75%]
tests/test_plot_utils.py::test_plot_label_edge_only[structured] PASSED   [ 75%]
tests/test_plot_utils.py::test_plot_label_edge_only[quad_2x2] PASSED     [ 75%]
tests/test_plot_utils.py::test_plot_label_element_only[annulus] PASSED   [ 76%]
tests/test_plot_utils.py::test_plot_label_element_only[donut] PASSED     [ 76%]
tests/test_plot_utils.py::test_plot_label_element_only[structured] PASSED [ 76%]
tests/test_plot_utils.py::test_plot_label_element_only[quad_2x2] PASSED  [ 76%]
tests/test_plot_utils.py::test_plot_layer_returns_fig_ax[annulus] PASSED [ 76%]
tests/test_plot_utils.py::test_plot_layer_returns_fig_ax[donut] PASSED   [ 76%]
tests/test_plot_utils.py::test_plot_layer_returns_fig_ax[structured] PASSED [ 76%]
tests/test_plot_utils.py::test_plot_layer_returns_fig_ax[quad_2x2] PASSED [ 77%]
tests/test_plot_utils.py::test_plot_layer_subset[annulus] PASSED         [ 77%]
tests/test_plot_utils.py::test_plot_layer_subset[donut] PASSED           [ 77%]
tests/test_plot_utils.py::test_plot_layer_subset[structured] PASSED      [ 77%]
tests/test_plot_utils.py::test_plot_layer_subset[quad_2x2] PASSED        [ 77%]
tests/test_plot_utils.py::test_plot_quality_returns_fig_ax[annulus] PASSED [ 77%]
tests/test_plot_utils.py::test_plot_quality_returns_fig_ax[donut] PASSED [ 77%]
tests/test_plot_utils.py::test_plot_quality_returns_fig_ax[structured] PASSED [ 78%]
tests/test_plot_utils.py::test_plot_quality_returns_fig_ax[quad_2x2] PASSED [ 78%]
tests/test_plot_utils.py::test_plot_quality_subset_elem_ids[annulus] PASSED [ 78%]
tests/test_plot_utils.py::test_plot_quality_subset_elem_ids[donut] PASSED [ 78%]
tests/test_plot_utils.py::test_plot_quality_subset_elem_ids[structured] PASSED [ 78%]
tests/test_plot_utils.py::test_plot_quality_subset_elem_ids[quad_2x2] PASSED [ 78%]
tests/test_plot_utils.py::test_plot_quality_histogram_returns_fig_ax[annulus] PASSED [ 78%]
tests/test_plot_utils.py::test_plot_quality_histogram_returns_fig_ax[donut] PASSED [ 79%]
tests/test_plot_utils.py::test_plot_quality_histogram_returns_fig_ax[structured] PASSED [ 79%]
tests/test_plot_utils.py::test_plot_quality_histogram_returns_fig_ax[quad_2x2] PASSED [ 79%]
tests/test_plot_utils.py::test_plot_quality_histogram_total_count_matches_subset[annulus] PASSED [ 79%]
tests/test_plot_utils.py::test_plot_quality_histogram_total_count_matches_subset[donut] PASSED [ 79%]
tests/test_plot_utils.py::test_plot_quality_histogram_total_count_matches_subset[structured] PASSED [ 79%]
tests/test_plot_utils.py::test_plot_quality_histogram_total_count_matches_subset[quad_2x2] PASSED [ 79%]
tests/test_plot_utils.py::test_plot_quality_histogram_bin_colors_track_midpoints[annulus] PASSED [ 80%]
tests/test_plot_utils.py::test_plot_quality_histogram_bin_colors_track_midpoints[donut] PASSED [ 80%]
tests/test_plot_utils.py::test_plot_quality_histogram_bin_colors_track_midpoints[structured] PASSED [ 80%]
tests/test_plot_utils.py::test_plot_quality_histogram_bin_colors_track_midpoints[quad_2x2] PASSED [ 80%]
tests/test_plot_utils.py::test_axis_chilmesh_sets_equal_aspect[annulus] PASSED [ 80%]
tests/test_plot_utils.py::test_axis_chilmesh_sets_equal_aspect[donut] PASSED [ 80%]
tests/test_plot_utils.py::test_axis_chilmesh_sets_equal_aspect[structured] PASSED [ 80%]
tests/test_plot_utils.py::test_axis_chilmesh_sets_equal_aspect[quad_2x2] PASSED [ 81%]
tests/test_plot_utils.py::test_axis_chilmesh_without_ax_uses_gca[annulus] PASSED [ 81%]
tests/test_plot_utils.py::test_axis_chilmesh_without_ax_uses_gca[donut] PASSED [ 81%]
tests/test_plot_utils.py::test_axis_chilmesh_without_ax_uses_gca[structured] PASSED [ 81%]
tests/test_plot_utils.py::test_axis_chilmesh_without_ax_uses_gca[quad_2x2] PASSED [ 81%]
tests/test_readme_quickstart.py::test_readme_annulus_regenerates_and_validates PASSED [ 81%]
tests/test_signed_area.py::test_signed_area_positive_after_ccw[annulus] PASSED [ 81%]
tests/test_signed_area.py::test_signed_area_positive_after_ccw[donut] PASSED [ 82%]
tests/test_signed_area.py::test_signed_area_positive_after_ccw[block_o] PASSED [ 82%]
tests/test_signed_area.py::test_signed_area_positive_after_ccw[structured] PASSED [ 82%]
tests/test_signed_area.py::test_signed_area_unit_square_quad PASSED      [ 82%]
tests/test_signed_area.py::test_signed_area_quad_shoelace_matches_numpy PASSED [ 82%]
tests/test_signed_area.py::test_signed_area_unit_triangle PASSED         [ 82%]
tests/test_skeletonization_invariant.py::test_layer_separation_invariant[annulus] PASSED [ 82%]
tests/test_skeletonization_invariant.py::test_layer_separation_invariant[donut] PASSED [ 83%]
tests/test_skeletonization_invariant.py::test_layer_separation_invariant[structured] PASSED [ 83%]
tests/test_skeletonization_invariant.py::test_layer_separation_invariant[block_o] PASSED [ 83%]
tests/test_skeletonization_invariant.py::test_layer_assignment_partition[annulus] PASSED [ 83%]
tests/test_skeletonization_invariant.py::test_layer_assignment_partition[donut] PASSED [ 83%]
tests/test_skeletonization_invariant.py::test_layer_assignment_partition[structured] PASSED [ 83%]
tests/test_skeletonization_invariant.py::test_layer_assignment_partition[block_o] PASSED [ 83%]
tests/test_skeletonization_matlab_parity.py::test_layer_count_matches_matlab_reference[annulus-expected0] PASSED [ 84%]
tests/test_skeletonization_matlab_parity.py::test_layer_count_matches_matlab_reference[donut-expected1] PASSED [ 84%]
tests/test_skeletonization_matlab_parity.py::test_layer_count_matches_matlab_reference[structured-expected2] PASSED [ 84%]
tests/test_skeletonization_matlab_parity.py::test_layer_count_matches_matlab_reference[block_o-expected3] PASSED [ 84%]
tests/test_skeletonization_matlab_parity.py::test_layer_count_matches_matlab_reference[quad_2x2-expected4] PASSED [ 84%]
tests/test_skeletonization_matlab_parity_external.py::test_layer_count_matches_matlab_reference[italy@default-v1-15] SKIPPED [ 84%]
tests/test_skeletonization_matlab_parity_external.py::test_layer_count_matches_matlab_reference[lake-erie@5k-nodes-v1-17] SKIPPED [ 84%]
tests/test_skeletonization_matlab_parity_external.py::test_layer_count_matches_matlab_reference[delaware-bay@default-v1-17] SKIPPED [ 85%]
tests/test_skeletonization_matlab_parity_external.py::test_layer_count_matches_matlab_reference[wnat@hagen-v1-expected3] SKIPPED [ 85%]
tests/test_skeletonization_matlab_parity_external.py::test_layer_count_matches_matlab_reference[wnat@onur-v1-expected4] SKIPPED [ 85%]
tests/test_skeletonization_matlab_parity_external.py::test_layer_count_matches_matlab_reference[wnat@test-v1-expected5] SKIPPED [ 85%]
tests/test_skeletonization_matlab_parity_external.py::test_layer_count_matches_matlab_reference[wnat@nc-inundation-v6c-v1-expected6] SKIPPED [ 85%]
tests/test_skeletonization_matlab_parity_external.py::test_layer_count_matches_matlab_reference[misc-tests@wetting-drying-v1-15] SKIPPED [ 85%]
tests/test_skeletonization_matlab_parity_external.py::test_uncovered_meshes_have_fixme SKIPPED [ 85%]
tests/test_smoothing.py::TestTriangleSmoother::test_fem_smoother_triangle_preserves_boundary[annulus] PASSED [ 86%]
tests/test_smoothing.py::TestTriangleSmoother::test_fem_smoother_triangle_preserves_boundary[donut] PASSED [ 86%]
tests/test_smoothing.py::TestTriangleSmoother::test_fem_smoother_triangle_preserves_boundary[block_o] PASSED [ 86%]
tests/test_smoothing.py::TestTriangleSmoother::test_fem_smoother_triangle_interior_changes[annulus] PASSED [ 86%]
tests/test_smoothing.py::TestTriangleSmoother::test_fem_smoother_triangle_interior_changes[donut] PASSED [ 86%]
tests/test_smoothing.py::TestTriangleSmoother::test_fem_smoother_triangle_interior_changes[block_o] PASSED [ 86%]
tests/test_smoothing.py::TestTriangleSmoother::test_fem_smoother_triangle_preserves_z[annulus] PASSED [ 86%]
tests/test_smoothing.py::TestTriangleSmoother::test_fem_smoother_triangle_preserves_z[donut] PASSED [ 87%]
tests/test_smoothing.py::TestTriangleSmoother::test_fem_smoother_triangle_preserves_z[block_o] PASSED [ 87%]
tests/test_smoothing.py::TestTriangleSmoother::test_fem_smoother_triangle_element_type_detection[annulus] PASSED [ 87%]
tests/test_smoothing.py::TestTriangleSmoother::test_fem_smoother_triangle_element_type_detection[donut] PASSED [ 87%]
tests/test_smoothing.py::TestTriangleSmoother::test_fem_smoother_triangle_element_type_detection[block_o] PASSED [ 87%]
tests/test_smoothing.py::TestQuadSmoother::test_fem_smoother_quad_preserves_boundary PASSED [ 87%]
tests/test_smoothing.py::TestQuadSmoother::test_fem_smoother_quad_interior_changes PASSED [ 87%]
tests/test_smoothing.py::TestQuadSmoother::test_fem_smoother_quad_preserves_z PASSED [ 87%]
tests/test_smoothing.py::TestQuadSmoother::test_fem_smoother_quad_element_type_detection PASSED [ 88%]
tests/test_smoothing.py::TestQuadStiffnessAssembly::test_quad_stiffness_assembly_method_exists PASSED [ 88%]
tests/test_smoothing.py::TestQuadStiffnessAssembly::test_quad_stiffness_assembly_returns_correct_format PASSED [ 88%]
tests/test_smoothing.py::TestMixedStiffnessAssembly::test_mixed_stiffness_assembly_method_exists PASSED [ 88%]
tests/test_smoothing.py::TestMixedStiffnessAssembly::test_mixed_stiffness_assembly_tri_only[annulus] PASSED [ 88%]
tests/test_smoothing.py::TestMixedStiffnessAssembly::test_mixed_stiffness_assembly_tri_only[donut] PASSED [ 88%]
tests/test_smoothing.py::TestMixedStiffnessAssembly::test_mixed_stiffness_assembly_tri_only[block_o] PASSED [ 88%]
tests/test_smoothing.py::TestMixedStiffnessAssembly::test_mixed_stiffness_assembly_quad_only PASSED [ 89%]
tests/test_smoothing.py::TestMixedStiffnessAssembly::test_mixed_stiffness_assembly_consistency_triangles[annulus] PASSED [ 89%]
tests/test_smoothing.py::TestMixedStiffnessAssembly::test_mixed_stiffness_assembly_consistency_triangles[donut] PASSED [ 89%]
tests/test_smoothing.py::TestMixedStiffnessAssembly::test_mixed_stiffness_assembly_consistency_triangles[block_o] PASSED [ 89%]
tests/test_smoothing.py::TestMixedStiffnessAssembly::test_mixed_stiffness_assembly_consistency_quads PASSED [ 89%]
tests/test_smoothing.py::TestMixedSmoother::test_fem_smoother_triangle_mesh_backward_compat[annulus] PASSED [ 89%]
tests/test_smoothing.py::TestMixedSmoother::test_fem_smoother_triangle_mesh_backward_compat[donut] PASSED [ 89%]
tests/test_smoothing.py::TestMixedSmoother::test_fem_smoother_triangle_mesh_backward_compat[block_o] PASSED [ 90%]
tests/test_smoothing.py::TestMixedSmoother::test_fem_smoother_quad_mesh_support PASSED [ 90%]
tests/test_smoothing.py::TestMixedElementFEMSmoother::test_quad_stiffness_is_symmetric PASSED [ 90%]
tests/test_smoothing.py::TestMixedElementFEMSmoother::test_detect_element_types_mixed PASSED [ 90%]
tests/test_smoothing.py::TestMixedElementFEMSmoother::test_mixed_mesh_interior_node PASSED [ 90%]
tests/test_smoothing.py::TestMixedElementFEMSmoother::test_fem_smoother_mixed_no_nan PASSED [ 90%]
tests/test_smoothing.py::TestMixedElementFEMSmoother::test_fem_smoother_mixed_no_element_collapse PASSED [ 90%]
tests/test_smoothing.py::TestMixedElementFEMSmoother::test_fem_smoother_mixed_boundary_fixed PASSED [ 91%]
tests/test_smoothing.py::TestMixedElementFEMSmoother::test_fem_smoother_mixed_interior_moves_toward_equilibrium PASSED [ 91%]
tests/test_smoothing.py::TestQuadAspectRatioPreservation::test_quad_grid_angle_based_forces PASSED [ 91%]
tests/test_smoothing.py::TestQuadAspectRatioPreservation::test_perfect_quad_grid_no_unnecessary_movement PASSED [ 91%]
tests/test_smoothing.py::TestSmootherIntegration::test_smooth_mesh_fem_triangles[annulus] PASSED [ 91%]
tests/test_smoothing.py::TestSmootherIntegration::test_smooth_mesh_fem_triangles[donut] PASSED [ 91%]
tests/test_smoothing.py::TestSmootherIntegration::test_smooth_mesh_fem_triangles[block_o] PASSED [ 91%]
tests/test_spatial_indexing.py::TestSpatialIndexing::test_find_element_on_vertex[annulus] PASSED [ 92%]
tests/test_spatial_indexing.py::TestSpatialIndexing::test_find_element_on_vertex[donut] PASSED [ 92%]
tests/test_spatial_indexing.py::TestSpatialIndexing::test_find_element_on_vertex[block_o] PASSED [ 92%]
tests/test_spatial_indexing.py::TestSpatialIndexing::test_find_element_on_vertex[structured] PASSED [ 92%]
tests/test_spatial_indexing.py::TestSpatialIndexing::test_find_element_on_vertex[quad_2x2] PASSED [ 92%]
tests/test_spatial_indexing.py::TestSpatialIndexing::test_find_element_outside_returns_negative[annulus] PASSED [ 92%]
tests/test_spatial_indexing.py::TestSpatialIndexing::test_find_element_outside_returns_negative[donut] PASSED [ 92%]
tests/test_spatial_indexing.py::TestSpatialIndexing::test_find_element_outside_returns_negative[block_o] PASSED [ 93%]
tests/test_spatial_indexing.py::TestSpatialIndexing::test_find_element_outside_returns_negative[structured] PASSED [ 93%]
tests/test_spatial_indexing.py::TestSpatialIndexing::test_find_element_outside_returns_negative[quad_2x2] PASSED [ 93%]
tests/test_spatial_indexing.py::TestSpatialIndexing::test_find_element_center_of_mesh[annulus] SKIPPED [ 93%]
tests/test_spatial_indexing.py::TestSpatialIndexing::test_find_element_center_of_mesh[donut] SKIPPED [ 93%]
tests/test_spatial_indexing.py::TestSpatialIndexing::test_find_element_center_of_mesh[block_o] SKIPPED [ 93%]
tests/test_spatial_indexing.py::TestSpatialIndexing::test_find_element_center_of_mesh[structured] PASSED [ 93%]
tests/test_spatial_indexing.py::TestSpatialIndexing::test_find_element_center_of_mesh[quad_2x2] PASSED [ 94%]
tests/test_spatial_indexing.py::TestSpatialIndexing::test_nearest_vertices_returns_correct_count[annulus] PASSED [ 94%]
tests/test_spatial_indexing.py::TestSpatialIndexing::test_nearest_vertices_returns_correct_count[donut] PASSED [ 94%]
tests/test_spatial_indexing.py::TestSpatialIndexing::test_nearest_vertices_returns_correct_count[block_o] PASSED [ 94%]
tests/test_spatial_indexing.py::TestSpatialIndexing::test_nearest_vertices_returns_correct_count[structured] PASSED [ 94%]
tests/test_spatial_indexing.py::TestSpatialIndexing::test_nearest_vertices_returns_correct_count[quad_2x2] PASSED [ 94%]
tests/test_spatial_indexing.py::TestSpatialIndexing::test_nearest_vertices_first_is_closest[annulus] PASSED [ 94%]
tests/test_spatial_indexing.py::TestSpatialIndexing::test_nearest_vertices_first_is_closest[donut] PASSED [ 95%]
tests/test_spatial_indexing.py::TestSpatialIndexing::test_nearest_vertices_first_is_closest[block_o] PASSED [ 95%]
tests/test_spatial_indexing.py::TestSpatialIndexing::test_nearest_vertices_first_is_closest[structured] PASSED [ 95%]
tests/test_spatial_indexing.py::TestSpatialIndexing::test_nearest_vertices_first_is_closest[quad_2x2] PASSED [ 95%]
tests/test_spatial_indexing.py::TestSpatialIndexing::test_nearest_vertices_is_vertex[annulus] PASSED [ 95%]
tests/test_spatial_indexing.py::TestSpatialIndexing::test_nearest_vertices_is_vertex[donut] PASSED [ 95%]
tests/test_spatial_indexing.py::TestSpatialIndexing::test_nearest_vertices_is_vertex[block_o] PASSED [ 95%]
tests/test_spatial_indexing.py::TestSpatialIndexing::test_nearest_vertices_is_vertex[structured] PASSED [ 96%]
tests/test_spatial_indexing.py::TestSpatialIndexing::test_nearest_vertices_is_vertex[quad_2x2] PASSED [ 96%]
tests/test_spatial_indexing.py::TestSpatialIndexing::test_nearest_elements_returns_correct_count[annulus] PASSED [ 96%]
tests/test_spatial_indexing.py::TestSpatialIndexing::test_nearest_elements_returns_correct_count[donut] PASSED [ 96%]
tests/test_spatial_indexing.py::TestSpatialIndexing::test_nearest_elements_returns_correct_count[block_o] PASSED [ 96%]
tests/test_spatial_indexing.py::TestSpatialIndexing::test_nearest_elements_returns_correct_count[structured] PASSED [ 96%]
tests/test_spatial_indexing.py::TestSpatialIndexing::test_nearest_elements_returns_correct_count[quad_2x2] PASSED [ 96%]
tests/test_spatial_indexing.py::TestSpatialIndexing::test_find_elements_in_radius_contains_nearest[annulus] PASSED [ 97%]
tests/test_spatial_indexing.py::TestSpatialIndexing::test_find_elements_in_radius_contains_nearest[donut] PASSED [ 97%]
tests/test_spatial_indexing.py::TestSpatialIndexing::test_find_elements_in_radius_contains_nearest[block_o] PASSED [ 97%]
tests/test_spatial_indexing.py::TestSpatialIndexing::test_find_elements_in_radius_contains_nearest[structured] PASSED [ 97%]
tests/test_spatial_indexing.py::TestSpatialIndexing::test_find_elements_in_radius_contains_nearest[quad_2x2] PASSED [ 97%]
tests/test_spatial_indexing.py::TestSpatialIndexing::test_find_elements_in_radius_grows_with_radius[annulus] PASSED [ 97%]
tests/test_spatial_indexing.py::TestSpatialIndexing::test_find_elements_in_radius_grows_with_radius[donut] PASSED [ 97%]
tests/test_spatial_indexing.py::TestSpatialIndexing::test_find_elements_in_radius_grows_with_radius[block_o] PASSED [ 98%]
tests/test_spatial_indexing.py::TestSpatialIndexing::test_find_elements_in_radius_grows_with_radius[structured] PASSED [ 98%]
tests/test_spatial_indexing.py::TestSpatialIndexing::test_find_elements_in_radius_grows_with_radius[quad_2x2] PASSED [ 98%]
tests/test_spatial_indexing.py::TestSpatialIndexing::test_spatial_indices_built_on_init[annulus] PASSED [ 98%]
tests/test_spatial_indexing.py::TestSpatialIndexing::test_spatial_indices_built_on_init[donut] PASSED [ 98%]
tests/test_spatial_indexing.py::TestSpatialIndexing::test_spatial_indices_built_on_init[block_o] PASSED [ 98%]
tests/test_spatial_indexing.py::TestSpatialIndexing::test_spatial_indices_built_on_init[structured] PASSED [ 98%]
tests/test_spatial_indexing.py::TestSpatialIndexing::test_spatial_indices_built_on_init[quad_2x2] PASSED [ 99%]
tests/test_spatial_indexing.py::TestSpatialIndexing::test_centroids_property_works[annulus] PASSED [ 99%]
tests/test_spatial_indexing.py::TestSpatialIndexing::test_centroids_property_works[donut] PASSED [ 99%]
tests/test_spatial_indexing.py::TestSpatialIndexing::test_centroids_property_works[block_o] PASSED [ 99%]
tests/test_spatial_indexing.py::TestSpatialIndexing::test_centroids_property_works[structured] PASSED [ 99%]
tests/test_spatial_indexing.py::TestSpatialIndexing::test_centroids_property_works[quad_2x2] PASSED [ 99%]
tests/test_spatial_indexing.py::TestSpatialIndexingPerformance::test_100k_point_queries_annulus PASSED [ 99%]
tests/test_spatial_indexing.py::TestSpatialIndexingPerformance::test_spatial_index_build_time PASSED [100%]

=============================== warnings summary ===============================
tests/test_admesh_warmstart.py::TestBoundaryPreservation::test_vbnd_annulus_array_form
  /home/user/CHILmesh/tests/test_admesh_warmstart.py:121: RuntimeWarning: warm-start truss did not improve quality (input median=0.4150, output median=0.3588); returning input unchanged (set enforce_non_degradation=False to override)
    points_opt, _ = optimize_with_admesh_truss_arrays(

tests/test_admesh_warmstart.py::TestBoundaryPreservation::test_vbnd_annulus_chilmesh_form
tests/test_admesh_warmstart.py::TestBoundaryPreservation::test_vbnd_multiple_domains
tests/test_admesh_warmstart.py::TestExtensibility::test_domain_agnostic_annulus
  /home/user/CHILmesh/src/chilmesh/admesh_warmstart.py:617: RuntimeWarning: warm-start truss did not improve quality (input median=0.4150, output median=0.3588); returning input unchanged (set enforce_non_degradation=False to override)
    points_opt, triangles_opt = optimize_with_admesh_truss_arrays(

tests/test_admesh_warmstart.py::TestBoundaryPreservation::test_vbnd_donut_domain_agnostic
tests/test_admesh_warmstart.py::TestBoundaryPreservation::test_vbnd_multiple_domains
tests/test_admesh_warmstart.py::TestExtensibility::test_domain_agnostic_donut
  /home/user/CHILmesh/src/chilmesh/admesh_warmstart.py:617: RuntimeWarning: warm-start truss did not improve quality (input median=0.4186, output median=0.4004); returning input unchanged (set enforce_non_degradation=False to override)
    points_opt, triangles_opt = optimize_with_admesh_truss_arrays(

tests/test_admesh_warmstart.py::TestQualityAndPerformance::test_determinism
  /home/user/CHILmesh/tests/test_admesh_warmstart.py:349: RuntimeWarning: warm-start truss did not improve quality (input median=0.4150, output median=0.3588); returning input unchanged (set enforce_non_degradation=False to override)
    out1 = optimize_with_admesh_truss_arrays(

tests/test_admesh_warmstart.py::TestQualityAndPerformance::test_determinism
  /home/user/CHILmesh/tests/test_admesh_warmstart.py:352: RuntimeWarning: warm-start truss did not improve quality (input median=0.4150, output median=0.3588); returning input unchanged (set enforce_non_degradation=False to override)
    out2 = optimize_with_admesh_truss_arrays(

tests/test_admesh_warmstart.py::TestQualityAndPerformance::test_performance_annulus
  /home/user/CHILmesh/tests/test_admesh_warmstart.py:368: RuntimeWarning: warm-start truss did not improve quality (input median=0.4150, output median=0.3588); returning input unchanged (set enforce_non_degradation=False to override)
    optimize_with_admesh_truss_arrays(

-- Docs: https://docs.pytest.org/en/stable/how-to/capture-warnings.html
=========== 694 passed, 14 skipped, 10 warnings in 70.60s (0:01:10) ============
